2025-04-15 17:16:36,055 INFO o.a.j.u.JMeterUtils: Setting Locale to en_EN
2025-04-15 17:16:36,076 INFO o.a.j.JMeter: Loading user properties from: C:\Tools\apache-jmeter-5.6.3\bin\user.properties
2025-04-15 17:16:36,077 INFO o.a.j.JMeter: Loading system properties from: C:\Tools\apache-jmeter-5.6.3\bin\system.properties
2025-04-15 17:16:36,082 INFO o.a.j.JMeter: Copyright (c) 1998-2024 The Apache Software Foundation
2025-04-15 17:16:36,082 INFO o.a.j.JMeter: Version 5.6.3
2025-04-15 17:16:36,082 INFO o.a.j.JMeter: java.version=17.0.14
2025-04-15 17:16:36,082 INFO o.a.j.JMeter: java.vm.name=OpenJDK 64-Bit Server VM
2025-04-15 17:16:36,082 INFO o.a.j.JMeter: os.name=Windows 11
2025-04-15 17:16:36,082 INFO o.a.j.JMeter: os.arch=amd64
2025-04-15 17:16:36,082 INFO o.a.j.JMeter: os.version=10.0
2025-04-15 17:16:36,083 INFO o.a.j.JMeter: file.encoding=Cp1252
2025-04-15 17:16:36,083 INFO o.a.j.JMeter: java.awt.headless=true
2025-04-15 17:16:36,083 INFO o.a.j.JMeter: Max memory     =1073741824
2025-04-15 17:16:36,083 INFO o.a.j.JMeter: Available Processors =12
2025-04-15 17:16:36,090 INFO o.a.j.JMeter: Default Locale=English (EN)
2025-04-15 17:16:36,090 INFO o.a.j.JMeter: JMeter  Locale=English (EN)
2025-04-15 17:16:36,090 INFO o.a.j.JMeter: JMeterHome=C:\Tools\apache-jmeter-5.6.3
2025-04-15 17:16:36,090 INFO o.a.j.JMeter: user.dir  =C:\Users\Balbo\Documents\JMeter\Fakestore
2025-04-15 17:16:36,091 INFO o.a.j.JMeter: PWD       =C:\Users\Balbo\Documents\JMeter\Fakestore
2025-04-15 17:16:36,095 INFO o.a.j.JMeter: IP: 10.225.250.7 Name: DESKTOP-C95NIJ6 FullName: DESKTOP-C95NIJ6
2025-04-15 17:16:36,106 INFO o.a.j.JMeter: Setting property 'jmeter.reportgenerator.outputdir' to:'C:\Users\Balbo\Documents\JMeter\Fakestore\jmeter-results'
2025-04-15 17:16:36,108 INFO o.a.j.s.FileServer: Default base='C:\Users\Balbo\Documents\JMeter\Fakestore'
2025-04-15 17:16:36,111 INFO o.a.j.s.FileServer: Set new base='C:\Users\Balbo\Documents\JMeter\Fakestore'
2025-04-15 17:16:36,264 INFO o.a.j.s.SaveService: Testplan (JMX) version: 2.2. Testlog (JTL) version: 2.2
2025-04-15 17:16:36,282 INFO o.a.j.s.SaveService: Using SaveService properties version 5.0
2025-04-15 17:16:36,284 INFO o.a.j.s.SaveService: Using SaveService properties file encoding UTF-8
2025-04-15 17:16:36,287 INFO o.a.j.s.SaveService: Loading file: JMeter Test API.jmx
2025-04-15 17:16:36,341 INFO o.a.j.p.h.s.HTTPSamplerBase: Parser for text/html is org.apache.jmeter.protocol.http.parser.LagartoBasedHtmlParser
2025-04-15 17:16:36,341 INFO o.a.j.p.h.s.HTTPSamplerBase: Parser for application/xhtml+xml is org.apache.jmeter.protocol.http.parser.LagartoBasedHtmlParser
2025-04-15 17:16:36,341 INFO o.a.j.p.h.s.HTTPSamplerBase: Parser for application/xml is org.apache.jmeter.protocol.http.parser.LagartoBasedHtmlParser
2025-04-15 17:16:36,341 INFO o.a.j.p.h.s.HTTPSamplerBase: Parser for text/xml is org.apache.jmeter.protocol.http.parser.LagartoBasedHtmlParser
2025-04-15 17:16:36,341 INFO o.a.j.p.h.s.HTTPSamplerBase: Parser for text/vnd.wap.wml is org.apache.jmeter.protocol.http.parser.RegexpHTMLParser
2025-04-15 17:16:36,341 INFO o.a.j.p.h.s.HTTPSamplerBase: Parser for text/css is org.apache.jmeter.protocol.http.parser.CssParser
2025-04-15 17:16:36,358 INFO o.a.j.JMeter: Creating summariser <summary>
2025-04-15 17:16:36,361 INFO o.a.j.r.d.ReportGenerator: ReportGenerator will use for Parsing the separator: ','
2025-04-15 17:16:36,361 INFO o.a.j.r.d.ReportGenerator: Will generate report at end of test from  results file: testhasil.jtl
2025-04-15 17:16:36,361 INFO o.a.j.r.d.ReportGenerator: Reading report generator properties from: C:\Tools\apache-jmeter-5.6.3\bin\reportgenerator.properties
2025-04-15 17:16:36,372 INFO o.a.j.r.d.ReportGenerator: Merging with JMeter properties
2025-04-15 17:16:36,375 INFO o.a.j.r.c.ReportGeneratorConfiguration: Property 'jmeter.reportgenerator.temp_dir' not found, using default value 'temp' instead.
2025-04-15 17:16:36,377 INFO o.a.j.r.c.ReportGeneratorConfiguration: Property 'jmeter.reportgenerator.apdex_per_transaction' not found, using default value 'null' instead.
2025-04-15 17:16:36,377 INFO o.a.j.r.c.ReportGeneratorConfiguration: apdex_per_transaction is empty, not APDEX per transaction customization
2025-04-15 17:16:36,377 INFO o.a.j.r.c.ReportGeneratorConfiguration: Property 'jmeter.reportgenerator.sample_filter' not found, using default value 'null' instead.
2025-04-15 17:16:36,378 INFO o.a.j.r.c.ReportGeneratorConfiguration: Property 'jmeter.reportgenerator.report_title' not found, using default value 'null' instead.
2025-04-15 17:16:36,378 INFO o.a.j.r.c.ReportGeneratorConfiguration: Property 'jmeter.reportgenerator.start_date' not found, using default value 'null' instead.
2025-04-15 17:16:36,378 INFO o.a.j.r.c.ReportGeneratorConfiguration: Property 'jmeter.reportgenerator.end_date' not found, using default value 'null' instead.
2025-04-15 17:16:36,378 INFO o.a.j.r.c.ReportGeneratorConfiguration: Property 'jmeter.reportgenerator.date_format' not found, using default value 'null' instead.
2025-04-15 17:16:36,379 INFO o.a.j.r.c.ReportGeneratorConfiguration: Will use date range start date: null, end date: null
2025-04-15 17:16:36,381 INFO o.a.j.r.c.ReportGeneratorConfiguration: Property 'jmeter.reportgenerator.graph.totalTPS.exclude_controllers' not found, using default value 'false' instead.
2025-04-15 17:16:36,381 INFO o.a.j.r.c.ReportGeneratorConfiguration: Property 'jmeter.reportgenerator.graph.activeThreadsOverTime.exclude_controllers' not found, using default value 'false' instead.
2025-04-15 17:16:36,381 INFO o.a.j.r.c.ReportGeneratorConfiguration: Property 'jmeter.reportgenerator.graph.timeVsThreads.exclude_controllers' not found, using default value 'false' instead.
2025-04-15 17:16:36,381 INFO o.a.j.r.c.ReportGeneratorConfiguration: Property 'jmeter.reportgenerator.graph.responseTimeDistribution.exclude_controllers' not found, using default value 'false' instead.
2025-04-15 17:16:36,381 INFO o.a.j.r.c.ReportGeneratorConfiguration: Property 'jmeter.reportgenerator.graph.transactionsPerSecond.exclude_controllers' not found, using default value 'false' instead.
2025-04-15 17:16:36,382 INFO o.a.j.r.c.ReportGeneratorConfiguration: Property 'jmeter.reportgenerator.graph.responseTimePercentiles.exclude_controllers' not found, using default value 'false' instead.
2025-04-15 17:16:36,382 INFO o.a.j.r.c.ReportGeneratorConfiguration: Property 'jmeter.reportgenerator.graph.responseTimePercentilesOverTime.exclude_controllers' not found, using default value 'false' instead.
2025-04-15 17:16:36,382 INFO o.a.j.r.c.ReportGeneratorConfiguration: Property 'jmeter.reportgenerator.graph.responseTimesOverTime.exclude_controllers' not found, using default value 'false' instead.
2025-04-15 17:16:36,382 INFO o.a.j.r.c.ReportGeneratorConfiguration: Property 'jmeter.reportgenerator.graph.connectTimeOverTime.exclude_controllers' not found, using default value 'false' instead.
2025-04-15 17:16:36,382 INFO o.a.j.r.c.ReportGeneratorConfiguration: Property 'jmeter.reportgenerator.graph.latenciesOverTime.exclude_controllers' not found, using default value 'false' instead.
2025-04-15 17:16:36,382 INFO o.a.j.r.c.ReportGeneratorConfiguration: Property 'jmeter.reportgenerator.exporter.json.filters_only_sample_series' not found, using default value 'true' instead.
2025-04-15 17:16:36,383 INFO o.a.j.r.c.ReportGeneratorConfiguration: Property 'jmeter.reportgenerator.exporter.json.series_filter' not found, using default value '' instead.
2025-04-15 17:16:36,383 INFO o.a.j.r.c.ReportGeneratorConfiguration: Property 'jmeter.reportgenerator.exporter.json.show_controllers_only' not found, using default value 'false' instead.
2025-04-15 17:16:36,383 INFO o.a.j.r.c.ReportGeneratorConfiguration: Property 'jmeter.reportgenerator.exporter.html.filters_only_sample_series' not found, using default value 'true' instead.
2025-04-15 17:16:36,383 INFO o.a.j.r.c.ReportGeneratorConfiguration: Property 'jmeter.reportgenerator.exporter.html.series_filter' not found, using default value '' instead.
2025-04-15 17:16:36,383 INFO o.a.j.r.c.ReportGeneratorConfiguration: Property 'jmeter.reportgenerator.exporter.html.show_controllers_only' not found, using default value 'false' instead.
2025-04-15 17:16:36,392 INFO o.a.j.e.StandardJMeterEngine: Running the test!
2025-04-15 17:16:36,393 INFO o.a.j.s.SampleEvent: List of sample_variables: []
2025-04-15 17:16:36,393 INFO o.a.j.s.SampleEvent: List of sample_variables: []
2025-04-15 17:16:36,396 INFO o.a.j.e.u.CompoundVariable: Note: Function class names must contain the string: '.functions.'
2025-04-15 17:16:36,396 INFO o.a.j.e.u.CompoundVariable: Note: Function class names must not contain the string: '.gui.'
2025-04-15 17:16:36,452 INFO o.a.j.JMeter: Running test (1744712196452)
2025-04-15 17:16:36,465 INFO o.a.j.e.StandardJMeterEngine: Starting ThreadGroup: 1 : Authentication
2025-04-15 17:16:36,466 INFO o.a.j.e.StandardJMeterEngine: Starting 1 threads for group Authentication.
2025-04-15 17:16:36,466 INFO o.a.j.e.StandardJMeterEngine: Thread will continue on error
2025-04-15 17:16:36,466 INFO o.a.j.t.ThreadGroup: Starting thread group... number=1 threads=1 ramp-up=1 delayedStart=false
2025-04-15 17:16:36,469 INFO o.a.j.t.ThreadGroup: Started thread group number 1
2025-04-15 17:16:36,469 INFO o.a.j.e.StandardJMeterEngine: Starting ThreadGroup: 2 : Products
2025-04-15 17:16:36,469 INFO o.a.j.e.StandardJMeterEngine: Starting 1 threads for group Products.
2025-04-15 17:16:36,470 INFO o.a.j.e.StandardJMeterEngine: Thread will continue on error
2025-04-15 17:16:36,470 INFO o.a.j.t.ThreadGroup: Starting thread group... number=2 threads=1 ramp-up=1 delayedStart=false
2025-04-15 17:16:36,471 INFO o.a.j.t.ThreadGroup: Started thread group number 2
2025-04-15 17:16:36,471 INFO o.a.j.e.StandardJMeterEngine: All thread groups have been started
2025-04-15 17:16:36,471 INFO o.a.j.t.JMeterThread: Thread started: Authentication 1-1
2025-04-15 17:16:36,471 INFO o.a.j.t.JMeterThread: Thread started: Products 2-1
2025-04-15 17:16:36,482 INFO o.a.j.p.h.s.HTTPHCAbstractImpl: Local host = DESKTOP-C95NIJ6
2025-04-15 17:16:36,485 INFO o.a.j.p.h.s.HTTPHC4Impl: HTTP request retry count = 0
2025-04-15 17:16:36,486 INFO o.a.j.s.SampleResult: Note: Sample TimeStamps are START times
2025-04-15 17:16:36,487 INFO o.a.j.s.SampleResult: sampleresult.default.encoding is set to UTF-8
2025-04-15 17:16:36,487 INFO o.a.j.s.SampleResult: sampleresult.useNanoTime=true
2025-04-15 17:16:36,487 INFO o.a.j.s.SampleResult: sampleresult.nanoThreadSleep=5000
2025-04-15 17:16:36,556 INFO o.a.j.p.h.s.h.LazyLayeredConnectionSocketFactory: Setting up HTTPS TrustAll Socket Factory
2025-04-15 17:16:36,560 INFO o.a.j.u.JsseSSLManager: Using default SSL protocol: TLS
2025-04-15 17:16:36,560 INFO o.a.j.u.JsseSSLManager: SSL session context: per-thread
2025-04-15 17:16:36,790 INFO o.a.j.u.SSLManager: JmeterKeyStore Location:  type JKS
2025-04-15 17:16:36,793 INFO o.a.j.u.SSLManager: KeyStore created OK
2025-04-15 17:16:36,793 WARN o.a.j.u.SSLManager: Keystore file not found, loading empty keystore
2025-04-15 17:16:37,572 INFO o.a.j.t.JMeterThread: Thread is done: Authentication 1-1
2025-04-15 17:16:37,573 INFO o.a.j.t.JMeterThread: Thread finished: Authentication 1-1
2025-04-15 17:16:38,982 INFO o.a.j.t.JMeterThread: Thread is done: Products 2-1
2025-04-15 17:16:38,982 INFO o.a.j.t.JMeterThread: Thread finished: Products 2-1
2025-04-15 17:16:38,982 INFO o.a.j.e.StandardJMeterEngine: Notifying test listeners of end of test
2025-04-15 17:16:38,984 INFO o.a.j.r.Summariser: summary =      6 in 00:00:03 =    2.4/s Avg:   578 Min:   347 Max:  1032 Err:     0 (0.00%)
2025-04-15 17:16:38,984 INFO o.a.j.JMeter: Generating Dashboard
2025-04-15 17:16:38,984 INFO o.a.j.r.d.ReportGenerator: Flushing result collector before report Generation
2025-04-15 17:16:38,994 INFO o.a.j.r.p.NormalizerSampleConsumer: Using format, 'ms', to parse timeStamp field
2025-04-15 17:16:39,033 INFO o.a.j.r.p.AbstractSampleConsumer: class org.apache.jmeter.report.processor.AggregateConsumer#stopProducing(): beginDate produced 0 samples
2025-04-15 17:16:39,033 INFO o.a.j.r.p.AbstractSampleConsumer: class org.apache.jmeter.report.processor.AggregateConsumer#stopProducing(): endDate produced 0 samples
2025-04-15 17:16:39,035 INFO o.a.j.r.p.AbstractSampleConsumer: class org.apache.jmeter.report.processor.ApdexSummaryConsumer#stopProducing(): apdexSummary produced 0 samples
2025-04-15 17:16:39,035 INFO o.a.j.r.p.AbstractSampleConsumer: class org.apache.jmeter.report.processor.RequestsSummaryConsumer#stopProducing(): requestsSummary produced 0 samples
2025-04-15 17:16:39,039 INFO o.a.j.r.p.AbstractSampleConsumer: class org.apache.jmeter.report.processor.StatisticsSummaryConsumer#stopProducing(): statisticsSummary produced 0 samples
2025-04-15 17:16:39,041 INFO o.a.j.r.p.AbstractSampleConsumer: class org.apache.jmeter.report.processor.Top5ErrorsBySamplerConsumer#stopProducing(): top5ErrorsBySampler produced 0 samples
2025-04-15 17:16:39,041 INFO o.a.j.r.p.AbstractSampleConsumer: class org.apache.jmeter.report.processor.ErrorsSummaryConsumer#stopProducing(): errorsSummary produced 0 samples
2025-04-15 17:16:39,041 INFO o.a.j.r.p.AbstractSampleConsumer: class org.apache.jmeter.report.processor.graph.impl.HitsPerSecondGraphConsumer#stopProducing(): hitsPerSecond produced 0 samples
2025-04-15 17:16:39,050 INFO o.a.j.r.p.AbstractSampleConsumer: class org.apache.jmeter.report.processor.graph.impl.LatencyVSRequestGraphConsumer#stopProducing(): latencyVsRequest produced 0 samples
2025-04-15 17:16:39,051 INFO o.a.j.r.p.AbstractSampleConsumer: class org.apache.jmeter.report.processor.graph.impl.SyntheticResponseTimeDistributionGraphConsumer#stopProducing(): syntheticResponseTimeDistribution produced 0 samples
2025-04-15 17:16:39,051 INFO o.a.j.r.p.AbstractSampleConsumer: class org.apache.jmeter.report.processor.graph.impl.BytesThroughputGraphConsumer#stopProducing(): bytesThroughputOverTime produced 0 samples
2025-04-15 17:16:39,051 INFO o.a.j.r.p.AbstractSampleConsumer: class org.apache.jmeter.report.processor.graph.impl.CodesPerSecondGraphConsumer#stopProducing(): codesPerSecond produced 0 samples
2025-04-15 17:16:39,053 INFO o.a.j.r.p.AbstractSampleConsumer: class org.apache.jmeter.report.processor.graph.impl.ResponseTimeVSRequestGraphConsumer#stopProducing(): responseTimeVsRequest produced 0 samples
2025-04-15 17:16:39,053 INFO o.a.j.r.p.AbstractSampleConsumer: class org.apache.jmeter.report.processor.FilterConsumer#stopProducing(): startIntervalControlerFilter produced 42 samples
2025-04-15 17:16:39,053 INFO o.a.j.r.p.AbstractSampleConsumer: class org.apache.jmeter.report.processor.graph.impl.TotalTPSGraphConsumer#stopProducing(): totalTPS produced 0 samples
2025-04-15 17:16:39,054 INFO o.a.j.r.p.AbstractSampleConsumer: class org.apache.jmeter.report.processor.graph.impl.ActiveThreadsGraphConsumer#stopProducing(): activeThreadsOverTime produced 0 samples
2025-04-15 17:16:39,054 INFO o.a.j.r.p.AbstractSampleConsumer: class org.apache.jmeter.report.processor.graph.impl.TimeVSThreadGraphConsumer#stopProducing(): timeVsThreads produced 0 samples
2025-04-15 17:16:39,054 INFO o.a.j.r.p.AbstractSampleConsumer: class org.apache.jmeter.report.processor.graph.impl.ResponseTimeDistributionGraphConsumer#stopProducing(): responseTimeDistribution produced 0 samples
2025-04-15 17:16:39,054 INFO o.a.j.r.p.AbstractSampleConsumer: class org.apache.jmeter.report.processor.graph.impl.TransactionsPerSecondGraphConsumer#stopProducing(): transactionsPerSecond produced 0 samples
2025-04-15 17:16:39,054 INFO o.a.j.r.p.AbstractSampleConsumer: class org.apache.jmeter.report.processor.graph.impl.ResponseTimePercentilesGraphConsumer#stopProducing(): responseTimePercentiles produced 0 samples
2025-04-15 17:16:39,055 INFO o.a.j.r.p.AbstractSampleConsumer: class org.apache.jmeter.report.processor.graph.impl.ResponseTimePercentilesOverTimeGraphConsumer#stopProducing(): responseTimePercentilesOverTime produced 0 samples
2025-04-15 17:16:39,055 INFO o.a.j.r.p.AbstractSampleConsumer: class org.apache.jmeter.report.processor.graph.impl.ResponseTimeOverTimeGraphConsumer#stopProducing(): responseTimesOverTime produced 0 samples
2025-04-15 17:16:39,055 INFO o.a.j.r.p.AbstractSampleConsumer: class org.apache.jmeter.report.processor.graph.impl.ConnectTimeOverTimeGraphConsumer#stopProducing(): connectTimeOverTime produced 0 samples
2025-04-15 17:16:39,055 INFO o.a.j.r.p.AbstractSampleConsumer: class org.apache.jmeter.report.processor.graph.impl.LatencyOverTimeGraphConsumer#stopProducing(): latenciesOverTime produced 0 samples
2025-04-15 17:16:39,056 INFO o.a.j.r.p.AbstractSampleConsumer: class org.apache.jmeter.report.processor.FilterConsumer#stopProducing(): nameFilter produced 90 samples
2025-04-15 17:16:39,056 INFO o.a.j.r.p.AbstractSampleConsumer: class org.apache.jmeter.report.processor.FilterConsumer#stopProducing(): dateRangeFilter produced 18 samples
2025-04-15 17:16:39,056 INFO o.a.j.r.p.AbstractSampleConsumer: class org.apache.jmeter.report.processor.NormalizerSampleConsumer#stopProducing(): normalizer produced 6 samples
2025-04-15 17:16:39,056 INFO o.a.j.r.p.CsvFileSampleSource: produce(): 6 samples produced in 45ms on channel 0
2025-04-15 17:16:39,056 INFO o.a.j.r.d.ReportGenerator: Exporting data using exporter:'json' of className:'org.apache.jmeter.report.dashboard.JsonExporter'
2025-04-15 17:16:39,109 INFO o.a.j.r.d.JsonExporter: Found data for consumer statisticsSummary in context
2025-04-15 17:16:39,109 INFO o.a.j.r.d.JsonExporter: Creating statistics for overall
2025-04-15 17:16:39,109 INFO o.a.j.r.d.JsonExporter: Creating statistics for other transactions
2025-04-15 17:16:39,110 INFO o.a.j.r.d.JsonExporter: Checking output folder
2025-04-15 17:16:39,110 INFO o.a.j.r.d.JsonExporter: Writing statistics JSON to C:\Users\Balbo\Documents\JMeter\Fakestore\jmeter-results\statistics.json
2025-04-15 17:16:39,137 INFO o.a.j.r.d.ReportGenerator: Exporting data using exporter:'html' of className:'org.apache.jmeter.report.dashboard.HtmlTemplateExporter'
2025-04-15 17:16:39,140 INFO o.a.j.r.d.HtmlTemplateExporter: Will generate dashboard in folder: C:\Users\Balbo\Documents\JMeter\Fakestore\jmeter-results
2025-04-15 17:16:39,244 INFO o.a.j.r.d.HtmlTemplateExporter: Report will be generated in: C:\Users\Balbo\Documents\JMeter\Fakestore\jmeter-results, creating folder structure
2025-04-15 17:16:39,247 INFO o.a.j.r.d.TemplateVisitor: Copying folder from 'C:\Tools\apache-jmeter-5.6.3\bin\report-template' to 'C:\Users\Balbo\Documents\JMeter\Fakestore\jmeter-results', got message: C:\Users\Balbo\Documents\JMeter\Fakestore\jmeter-results, found non empty folder with following content [C:\Users\Balbo\Documents\JMeter\Fakestore\jmeter-results\statistics.json], will be ignored
2025-04-15 17:16:39,605 INFO o.a.j.JMeter: Dashboard generated
